-------------------------------------------------------------------------------
Test set: br.gov.sp.fatec.SpringRestApplicationTests
-------------------------------------------------------------------------------
Tests run: 1, Failures: 0, Errors: 1, Skipped: 0, Time elapsed: 0.96 s <<< FAILURE! - in br.gov.sp.fatec.SpringRestApplicationTests
initializationError(br.gov.sp.fatec.SpringRestApplicationTests)  Time elapsed: 0.007 s  <<< ERROR!
java.lang.Exception: No runnable methods

